
2024-01-15T17:18:17 prefetch.3.0.0: Current preference is set to retrieve SRA Normalized Format files with full base quality scores.
2024-01-15T17:18:18 prefetch.3.0.0: 1) Downloading 'ERR032203'...
2024-01-15T17:18:18 prefetch.3.0.0: SRA Normalized Format file is being retrieved, if this is different from your preference, it may be due to current file availability.
2024-01-15T17:18:18 prefetch.3.0.0:  Downloading via HTTPS...
2024-01-15T17:20:11 prefetch.3.0.0:  HTTPS download succeed
2024-01-15T17:20:21 prefetch.3.0.0:  'ERR032203' is valid
2024-01-15T17:20:21 prefetch.3.0.0: 1) 'ERR032203' was downloaded successfully
Read 28648626 spots for ERR032203
Written 28648626 spots for ERR032203

2024-01-15T17:38:03 prefetch.3.0.0: Current preference is set to retrieve SRA Normalized Format files with full base quality scores.
2024-01-15T17:38:03 prefetch.3.0.0: 1) Downloading 'ERR032211'...
2024-01-15T17:38:03 prefetch.3.0.0: SRA Normalized Format file is being retrieved, if this is different from your preference, it may be due to current file availability.
2024-01-15T17:38:03 prefetch.3.0.0:  Downloading via HTTPS...
2024-01-15T17:39:48 prefetch.3.0.0:  HTTPS download succeed
2024-01-15T17:39:53 prefetch.3.0.0:  'ERR032211' is valid
2024-01-15T17:39:53 prefetch.3.0.0: 1) 'ERR032211' was downloaded successfully
Read 24212578 spots for ERR032211
Written 24212578 spots for ERR032211

2024-01-15T17:55:25 prefetch.3.0.0: Current preference is set to retrieve SRA Normalized Format files with full base quality scores.
2024-01-15T17:55:25 prefetch.3.0.0: 1) Downloading 'ERR032228'...
2024-01-15T17:55:25 prefetch.3.0.0: SRA Normalized Format file is being retrieved, if this is different from your preference, it may be due to current file availability.
2024-01-15T17:55:25 prefetch.3.0.0:  Downloading via HTTPS...
2024-01-15T17:55:53 prefetch.3.0.0:  HTTPS download succeed
2024-01-15T17:55:54 prefetch.3.0.0:  'ERR032228' is valid
2024-01-15T17:55:54 prefetch.3.0.0: 1) 'ERR032228' was downloaded successfully
Read 8605668 spots for ERR032228
Written 8605668 spots for ERR032228

2024-01-15T18:01:24 prefetch.3.0.0: Current preference is set to retrieve SRA Normalized Format files with full base quality scores.
2024-01-15T18:01:24 prefetch.3.0.0: 1) Downloading 'ERR032236'...
2024-01-15T18:01:24 prefetch.3.0.0: SRA Normalized Format file is being retrieved, if this is different from your preference, it may be due to current file availability.
2024-01-15T18:01:24 prefetch.3.0.0:  Downloading via HTTPS...
2024-01-15T18:02:59 prefetch.3.0.0:  HTTPS download succeed
2024-01-15T18:03:03 prefetch.3.0.0:  'ERR032236' is valid
2024-01-15T18:03:03 prefetch.3.0.0: 1) 'ERR032236' was downloaded successfully
Read 22618452 spots for ERR032236
Written 22618452 spots for ERR032236

2024-01-15T18:18:42 prefetch.3.0.0: Current preference is set to retrieve SRA Normalized Format files with full base quality scores.
2024-01-15T18:18:43 prefetch.3.0.0: 1) Downloading 'ERR032238'...
2024-01-15T18:18:43 prefetch.3.0.0: SRA Normalized Format file is being retrieved, if this is different from your preference, it may be due to current file availability.
2024-01-15T18:18:43 prefetch.3.0.0:  Downloading via HTTPS...
2024-01-15T18:20:22 prefetch.3.0.0:  HTTPS download succeed
2024-01-15T18:20:28 prefetch.3.0.0:  'ERR032238' is valid
2024-01-15T18:20:28 prefetch.3.0.0: 1) 'ERR032238' was downloaded successfully
Read 29498377 spots for ERR032238
Written 29498377 spots for ERR032238

2024-01-15T18:39:21 prefetch.3.0.0: Current preference is set to retrieve SRA Normalized Format files with full base quality scores.
2024-01-15T18:39:21 prefetch.3.0.0: 1) Downloading 'ERR032205'...
2024-01-15T18:39:21 prefetch.3.0.0: SRA Normalized Format file is being retrieved, if this is different from your preference, it may be due to current file availability.
2024-01-15T18:39:21 prefetch.3.0.0:  Downloading via HTTPS...
2024-01-15T18:41:24 prefetch.3.0.0:  HTTPS download succeed
2024-01-15T18:41:30 prefetch.3.0.0:  'ERR032205' is valid
2024-01-15T18:41:30 prefetch.3.0.0: 1) 'ERR032205' was downloaded successfully
Read 29301937 spots for ERR032205
Written 29301937 spots for ERR032205

2024-01-15T19:00:18 prefetch.3.0.0: Current preference is set to retrieve SRA Normalized Format files with full base quality scores.
2024-01-15T19:00:19 prefetch.3.0.0: 1) Downloading 'ERR032234'...
2024-01-15T19:00:19 prefetch.3.0.0: SRA Normalized Format file is being retrieved, if this is different from your preference, it may be due to current file availability.
2024-01-15T19:00:19 prefetch.3.0.0:  Downloading via HTTPS...
2024-01-15T19:02:00 prefetch.3.0.0:  HTTPS download succeed
2024-01-15T19:02:05 prefetch.3.0.0:  'ERR032234' is valid
2024-01-15T19:02:05 prefetch.3.0.0: 1) 'ERR032234' was downloaded successfully
Read 23813505 spots for ERR032234
Written 23813505 spots for ERR032234

2024-01-15T19:18:08 prefetch.3.0.0 err: name not found while resolving query within virtual file system module - failed to resolve accession '$' - Cannot resolve accession ( 404 )
2024-01-15T19:18:08 prefetch.3.0.0: Current preference is set to retrieve SRA Normalized Format files with full base quality scores.
2024-01-15T19:18:09 fastq-dump.3.0.0 err: name not found while resolving query within virtual file system module - failed to resolve accession '$' - Cannot resolve accession ( 404 )
2024-01-15T19:18:10 fastq-dump.3.0.0 err: name not found while resolving query within virtual file system module - failed to resolve accession '$' - Cannot resolve accession ( 404 )
2024-01-15T19:18:10 fastq-dump.3.0.0 err: item not found while constructing within virtual database module - the path '$' cannot be opened as database or table
fastq-dump quit with error code 3

2024-01-15T19:18:11 prefetch.3.0.0: Current preference is set to retrieve SRA Normalized Format files with full base quality scores.
2024-01-15T19:18:12 prefetch.3.0.0: 1) Downloading 'ERR032209'...
2024-01-15T19:18:12 prefetch.3.0.0: SRA Normalized Format file is being retrieved, if this is different from your preference, it may be due to current file availability.
2024-01-15T19:18:12 prefetch.3.0.0:  Downloading via HTTPS...
2024-01-15T19:19:53 prefetch.3.0.0:  HTTPS download succeed
2024-01-15T19:19:58 prefetch.3.0.0:  'ERR032209' is valid
2024-01-15T19:19:58 prefetch.3.0.0: 1) 'ERR032209' was downloaded successfully
Read 22048930 spots for ERR032209
Written 22048930 spots for ERR032209

2024-01-15T19:34:06 prefetch.3.0.0: Current preference is set to retrieve SRA Normalized Format files with full base quality scores.
2024-01-15T19:34:06 prefetch.3.0.0: 1) Downloading 'ERR032227'...
2024-01-15T19:34:06 prefetch.3.0.0: SRA Normalized Format file is being retrieved, if this is different from your preference, it may be due to current file availability.
2024-01-15T19:34:06 prefetch.3.0.0:  Downloading via HTTPS...
2024-01-15T19:36:20 prefetch.3.0.0:  HTTPS download succeed
2024-01-15T19:36:28 prefetch.3.0.0:  'ERR032227' is valid
2024-01-15T19:36:28 prefetch.3.0.0: 1) 'ERR032227' was downloaded successfully
Read 31000737 spots for ERR032227
Written 31000737 spots for ERR032227

2024-01-15T19:57:02 prefetch.3.0.0: Current preference is set to retrieve SRA Normalized Format files with full base quality scores.
2024-01-15T19:57:02 prefetch.3.0.0: 1) Downloading 'ERR032212'...
2024-01-15T19:57:02 prefetch.3.0.0: SRA Normalized Format file is being retrieved, if this is different from your preference, it may be due to current file availability.
2024-01-15T19:57:02 prefetch.3.0.0:  Downloading via HTTPS...
2024-01-15T19:58:13 prefetch.3.0.0:  HTTPS download succeed
2024-01-15T19:58:16 prefetch.3.0.0:  'ERR032212' is valid
2024-01-15T19:58:16 prefetch.3.0.0: 1) 'ERR032212' was downloaded successfully
Read 17296298 spots for ERR032212
Written 17296298 spots for ERR032212

2024-01-15T20:09:31 prefetch.3.0.0: Current preference is set to retrieve SRA Normalized Format files with full base quality scores.
2024-01-15T20:09:31 prefetch.3.0.0: 1) Downloading 'ERR032237'...
2024-01-15T20:09:31 prefetch.3.0.0: SRA Normalized Format file is being retrieved, if this is different from your preference, it may be due to current file availability.
2024-01-15T20:09:31 prefetch.3.0.0:  Downloading via HTTPS...
2024-01-15T20:11:30 prefetch.3.0.0:  HTTPS download succeed
2024-01-15T20:11:37 prefetch.3.0.0:  'ERR032237' is valid
2024-01-15T20:11:37 prefetch.3.0.0: 1) 'ERR032237' was downloaded successfully
Read 32670655 spots for ERR032237
Written 32670655 spots for ERR032237

2024-01-15T20:33:51 prefetch.3.0.0: Current preference is set to retrieve SRA Normalized Format files with full base quality scores.
2024-01-15T20:33:51 prefetch.3.0.0: 1) Downloading 'ERR032210'...
2024-01-15T20:33:51 prefetch.3.0.0: SRA Normalized Format file is being retrieved, if this is different from your preference, it may be due to current file availability.
2024-01-15T20:33:51 prefetch.3.0.0:  Downloading via HTTPS...
2024-01-15T20:35:32 prefetch.3.0.0:  HTTPS download succeed
2024-01-15T20:35:38 prefetch.3.0.0:  'ERR032210' is valid
2024-01-15T20:35:38 prefetch.3.0.0: 1) 'ERR032210' was downloaded successfully
Read 25187785 spots for ERR032210
Written 25187785 spots for ERR032210

2024-01-15T20:51:27 prefetch.3.0.0: Current preference is set to retrieve SRA Normalized Format files with full base quality scores.
2024-01-15T20:51:28 prefetch.3.0.0: 1) Downloading 'ERR032204'...
2024-01-15T20:51:28 prefetch.3.0.0: SRA Normalized Format file is being retrieved, if this is different from your preference, it may be due to current file availability.
2024-01-15T20:51:28 prefetch.3.0.0:  Downloading via HTTPS...
2024-01-15T20:53:41 prefetch.3.0.0:  HTTPS download succeed
2024-01-15T20:53:48 prefetch.3.0.0:  'ERR032204' is valid
2024-01-15T20:53:48 prefetch.3.0.0: 1) 'ERR032204' was downloaded successfully
Read 29959017 spots for ERR032204
Written 29959017 spots for ERR032204

2024-01-15T21:12:49 prefetch.3.0.0: Current preference is set to retrieve SRA Normalized Format files with full base quality scores.
2024-01-15T21:12:50 prefetch.3.0.0: 1) Downloading 'ERR032235'...
2024-01-15T21:12:50 prefetch.3.0.0: SRA Normalized Format file is being retrieved, if this is different from your preference, it may be due to current file availability.
2024-01-15T21:12:50 prefetch.3.0.0:  Downloading via HTTPS...
2024-01-15T21:14:21 prefetch.3.0.0:  HTTPS download succeed
2024-01-15T21:14:26 prefetch.3.0.0:  'ERR032235' is valid
2024-01-15T21:14:26 prefetch.3.0.0: 1) 'ERR032235' was downloaded successfully
slurmstepd: error: *** JOB 37010581 ON dna065 CANCELLED AT 2024-01-15T22:18:43 DUE TO TIME LIMIT ***
