perl: warning: Setting locale failed.
perl: warning: Please check that your locale settings:
	LANGUAGE = (unset),
	LC_ALL = (unset),
	LC_CTYPE = "UTF-8",
	LANG = (unset)
    are supported and installed on your system.
perl: warning: Falling back to the standard locale ("C").
Started analysis of ERR032203_1.fastq.gz
Approx 5% complete for ERR032203_1.fastq.gz
Approx 10% complete for ERR032203_1.fastq.gz
Approx 15% complete for ERR032203_1.fastq.gz
Approx 20% complete for ERR032203_1.fastq.gz
Approx 25% complete for ERR032203_1.fastq.gz
Approx 30% complete for ERR032203_1.fastq.gz
Approx 35% complete for ERR032203_1.fastq.gz
Approx 40% complete for ERR032203_1.fastq.gz
Approx 45% complete for ERR032203_1.fastq.gz
Approx 50% complete for ERR032203_1.fastq.gz
Approx 55% complete for ERR032203_1.fastq.gz
Approx 60% complete for ERR032203_1.fastq.gz
Approx 65% complete for ERR032203_1.fastq.gz
Approx 70% complete for ERR032203_1.fastq.gz
Approx 75% complete for ERR032203_1.fastq.gz
Approx 80% complete for ERR032203_1.fastq.gz
Approx 85% complete for ERR032203_1.fastq.gz
Approx 90% complete for ERR032203_1.fastq.gz
Approx 95% complete for ERR032203_1.fastq.gz
Analysis complete for ERR032203_1.fastq.gz
perl: warning: Setting locale failed.
perl: warning: Please check that your locale settings:
	LANGUAGE = (unset),
	LC_ALL = (unset),
	LC_CTYPE = "UTF-8",
	LANG = (unset)
    are supported and installed on your system.
perl: warning: Falling back to the standard locale ("C").
Started analysis of ERR032203_2.fastq.gz
Approx 5% complete for ERR032203_2.fastq.gz
Approx 10% complete for ERR032203_2.fastq.gz
Approx 15% complete for ERR032203_2.fastq.gz
Approx 20% complete for ERR032203_2.fastq.gz
Approx 25% complete for ERR032203_2.fastq.gz
Approx 30% complete for ERR032203_2.fastq.gz
Approx 35% complete for ERR032203_2.fastq.gz
Approx 40% complete for ERR032203_2.fastq.gz
Approx 45% complete for ERR032203_2.fastq.gz
Approx 50% complete for ERR032203_2.fastq.gz
Approx 55% complete for ERR032203_2.fastq.gz
Approx 60% complete for ERR032203_2.fastq.gz
Approx 65% complete for ERR032203_2.fastq.gz
Approx 70% complete for ERR032203_2.fastq.gz
Approx 75% complete for ERR032203_2.fastq.gz
Approx 80% complete for ERR032203_2.fastq.gz
Approx 85% complete for ERR032203_2.fastq.gz
Approx 90% complete for ERR032203_2.fastq.gz
Approx 95% complete for ERR032203_2.fastq.gz
Analysis complete for ERR032203_2.fastq.gz
perl: warning: Setting locale failed.
perl: warning: Please check that your locale settings:
	LANGUAGE = (unset),
	LC_ALL = (unset),
	LC_CTYPE = "UTF-8",
	LANG = (unset)
    are supported and installed on your system.
perl: warning: Falling back to the standard locale ("C").
Started analysis of ERR032204_1.fastq.gz
Approx 5% complete for ERR032204_1.fastq.gz
Approx 10% complete for ERR032204_1.fastq.gz
Approx 15% complete for ERR032204_1.fastq.gz
Approx 20% complete for ERR032204_1.fastq.gz
Approx 25% complete for ERR032204_1.fastq.gz
Approx 30% complete for ERR032204_1.fastq.gz
Approx 35% complete for ERR032204_1.fastq.gz
Approx 40% complete for ERR032204_1.fastq.gz
Approx 45% complete for ERR032204_1.fastq.gz
Approx 50% complete for ERR032204_1.fastq.gz
Approx 55% complete for ERR032204_1.fastq.gz
Approx 60% complete for ERR032204_1.fastq.gz
Approx 65% complete for ERR032204_1.fastq.gz
Approx 70% complete for ERR032204_1.fastq.gz
Approx 75% complete for ERR032204_1.fastq.gz
Approx 80% complete for ERR032204_1.fastq.gz
Approx 85% complete for ERR032204_1.fastq.gz
Approx 90% complete for ERR032204_1.fastq.gz
Approx 95% complete for ERR032204_1.fastq.gz
Approx 100% complete for ERR032204_1.fastq.gz
Analysis complete for ERR032204_1.fastq.gz
perl: warning: Setting locale failed.
perl: warning: Please check that your locale settings:
	LANGUAGE = (unset),
	LC_ALL = (unset),
	LC_CTYPE = "UTF-8",
	LANG = (unset)
    are supported and installed on your system.
perl: warning: Falling back to the standard locale ("C").
Started analysis of ERR032204_2.fastq.gz
Approx 5% complete for ERR032204_2.fastq.gz
Approx 10% complete for ERR032204_2.fastq.gz
Approx 15% complete for ERR032204_2.fastq.gz
Approx 20% complete for ERR032204_2.fastq.gz
Approx 25% complete for ERR032204_2.fastq.gz
Approx 30% complete for ERR032204_2.fastq.gz
Approx 35% complete for ERR032204_2.fastq.gz
Approx 40% complete for ERR032204_2.fastq.gz
Approx 45% complete for ERR032204_2.fastq.gz
Approx 50% complete for ERR032204_2.fastq.gz
Approx 55% complete for ERR032204_2.fastq.gz
Approx 60% complete for ERR032204_2.fastq.gz
Approx 65% complete for ERR032204_2.fastq.gz
Approx 70% complete for ERR032204_2.fastq.gz
Approx 75% complete for ERR032204_2.fastq.gz
Approx 80% complete for ERR032204_2.fastq.gz
Approx 85% complete for ERR032204_2.fastq.gz
Approx 90% complete for ERR032204_2.fastq.gz
Approx 95% complete for ERR032204_2.fastq.gz
Approx 100% complete for ERR032204_2.fastq.gz
Analysis complete for ERR032204_2.fastq.gz
perl: warning: Setting locale failed.
perl: warning: Please check that your locale settings:
	LANGUAGE = (unset),
	LC_ALL = (unset),
	LC_CTYPE = "UTF-8",
	LANG = (unset)
    are supported and installed on your system.
perl: warning: Falling back to the standard locale ("C").
Started analysis of ERR032205_1.fastq.gz
Approx 5% complete for ERR032205_1.fastq.gz
Approx 10% complete for ERR032205_1.fastq.gz
Approx 15% complete for ERR032205_1.fastq.gz
Approx 20% complete for ERR032205_1.fastq.gz
Approx 25% complete for ERR032205_1.fastq.gz
Approx 30% complete for ERR032205_1.fastq.gz
Approx 35% complete for ERR032205_1.fastq.gz
Approx 40% complete for ERR032205_1.fastq.gz
Approx 45% complete for ERR032205_1.fastq.gz
Approx 50% complete for ERR032205_1.fastq.gz
Approx 55% complete for ERR032205_1.fastq.gz
Approx 60% complete for ERR032205_1.fastq.gz
Approx 65% complete for ERR032205_1.fastq.gz
Approx 70% complete for ERR032205_1.fastq.gz
Approx 75% complete for ERR032205_1.fastq.gz
Approx 80% complete for ERR032205_1.fastq.gz
Approx 85% complete for ERR032205_1.fastq.gz
Approx 90% complete for ERR032205_1.fastq.gz
Approx 95% complete for ERR032205_1.fastq.gz
Analysis complete for ERR032205_1.fastq.gz
perl: warning: Setting locale failed.
perl: warning: Please check that your locale settings:
	LANGUAGE = (unset),
	LC_ALL = (unset),
	LC_CTYPE = "UTF-8",
	LANG = (unset)
    are supported and installed on your system.
perl: warning: Falling back to the standard locale ("C").
Started analysis of ERR032205_2.fastq.gz
Approx 5% complete for ERR032205_2.fastq.gz
Approx 10% complete for ERR032205_2.fastq.gz
Approx 15% complete for ERR032205_2.fastq.gz
Approx 20% complete for ERR032205_2.fastq.gz
Approx 25% complete for ERR032205_2.fastq.gz
Approx 30% complete for ERR032205_2.fastq.gz
Approx 35% complete for ERR032205_2.fastq.gz
Approx 40% complete for ERR032205_2.fastq.gz
Approx 45% complete for ERR032205_2.fastq.gz
Approx 50% complete for ERR032205_2.fastq.gz
Approx 55% complete for ERR032205_2.fastq.gz
Approx 60% complete for ERR032205_2.fastq.gz
Approx 65% complete for ERR032205_2.fastq.gz
Approx 70% complete for ERR032205_2.fastq.gz
Approx 75% complete for ERR032205_2.fastq.gz
Approx 80% complete for ERR032205_2.fastq.gz
Approx 85% complete for ERR032205_2.fastq.gz
Approx 90% complete for ERR032205_2.fastq.gz
Approx 95% complete for ERR032205_2.fastq.gz
Analysis complete for ERR032205_2.fastq.gz
perl: warning: Setting locale failed.
perl: warning: Please check that your locale settings:
	LANGUAGE = (unset),
	LC_ALL = (unset),
	LC_CTYPE = "UTF-8",
	LANG = (unset)
    are supported and installed on your system.
perl: warning: Falling back to the standard locale ("C").
Started analysis of ERR032209_1.fastq.gz
Approx 5% complete for ERR032209_1.fastq.gz
Approx 10% complete for ERR032209_1.fastq.gz
Approx 15% complete for ERR032209_1.fastq.gz
Approx 20% complete for ERR032209_1.fastq.gz
Approx 25% complete for ERR032209_1.fastq.gz
Approx 30% complete for ERR032209_1.fastq.gz
Approx 35% complete for ERR032209_1.fastq.gz
Approx 40% complete for ERR032209_1.fastq.gz
Approx 45% complete for ERR032209_1.fastq.gz
Approx 50% complete for ERR032209_1.fastq.gz
Approx 55% complete for ERR032209_1.fastq.gz
Approx 60% complete for ERR032209_1.fastq.gz
Approx 65% complete for ERR032209_1.fastq.gz
Approx 70% complete for ERR032209_1.fastq.gz
Approx 75% complete for ERR032209_1.fastq.gz
Approx 80% complete for ERR032209_1.fastq.gz
Approx 85% complete for ERR032209_1.fastq.gz
Approx 90% complete for ERR032209_1.fastq.gz
Approx 95% complete for ERR032209_1.fastq.gz
Analysis complete for ERR032209_1.fastq.gz
perl: warning: Setting locale failed.
perl: warning: Please check that your locale settings:
	LANGUAGE = (unset),
	LC_ALL = (unset),
	LC_CTYPE = "UTF-8",
	LANG = (unset)
    are supported and installed on your system.
perl: warning: Falling back to the standard locale ("C").
Started analysis of ERR032209_2.fastq.gz
Approx 5% complete for ERR032209_2.fastq.gz
Approx 10% complete for ERR032209_2.fastq.gz
Approx 15% complete for ERR032209_2.fastq.gz
Approx 20% complete for ERR032209_2.fastq.gz
Approx 25% complete for ERR032209_2.fastq.gz
Approx 30% complete for ERR032209_2.fastq.gz
Approx 35% complete for ERR032209_2.fastq.gz
Approx 40% complete for ERR032209_2.fastq.gz
Approx 45% complete for ERR032209_2.fastq.gz
Approx 50% complete for ERR032209_2.fastq.gz
Approx 55% complete for ERR032209_2.fastq.gz
Approx 60% complete for ERR032209_2.fastq.gz
Approx 65% complete for ERR032209_2.fastq.gz
Approx 70% complete for ERR032209_2.fastq.gz
Approx 75% complete for ERR032209_2.fastq.gz
Approx 80% complete for ERR032209_2.fastq.gz
Approx 85% complete for ERR032209_2.fastq.gz
Approx 90% complete for ERR032209_2.fastq.gz
Approx 95% complete for ERR032209_2.fastq.gz
Analysis complete for ERR032209_2.fastq.gz
perl: warning: Setting locale failed.
perl: warning: Please check that your locale settings:
	LANGUAGE = (unset),
	LC_ALL = (unset),
	LC_CTYPE = "UTF-8",
	LANG = (unset)
    are supported and installed on your system.
perl: warning: Falling back to the standard locale ("C").
Started analysis of ERR032210_1.fastq.gz
Approx 5% complete for ERR032210_1.fastq.gz
Approx 10% complete for ERR032210_1.fastq.gz
Approx 15% complete for ERR032210_1.fastq.gz
Approx 20% complete for ERR032210_1.fastq.gz
Approx 25% complete for ERR032210_1.fastq.gz
Approx 30% complete for ERR032210_1.fastq.gz
Approx 35% complete for ERR032210_1.fastq.gz
Approx 40% complete for ERR032210_1.fastq.gz
Approx 45% complete for ERR032210_1.fastq.gz
Approx 50% complete for ERR032210_1.fastq.gz
Approx 55% complete for ERR032210_1.fastq.gz
Approx 60% complete for ERR032210_1.fastq.gz
Approx 65% complete for ERR032210_1.fastq.gz
Approx 70% complete for ERR032210_1.fastq.gz
Approx 75% complete for ERR032210_1.fastq.gz
Approx 80% complete for ERR032210_1.fastq.gz
Approx 85% complete for ERR032210_1.fastq.gz
Approx 90% complete for ERR032210_1.fastq.gz
Approx 95% complete for ERR032210_1.fastq.gz
Analysis complete for ERR032210_1.fastq.gz
perl: warning: Setting locale failed.
perl: warning: Please check that your locale settings:
	LANGUAGE = (unset),
	LC_ALL = (unset),
	LC_CTYPE = "UTF-8",
	LANG = (unset)
    are supported and installed on your system.
perl: warning: Falling back to the standard locale ("C").
Started analysis of ERR032210_2.fastq.gz
Approx 5% complete for ERR032210_2.fastq.gz
Approx 10% complete for ERR032210_2.fastq.gz
Approx 15% complete for ERR032210_2.fastq.gz
Approx 20% complete for ERR032210_2.fastq.gz
Approx 25% complete for ERR032210_2.fastq.gz
Approx 30% complete for ERR032210_2.fastq.gz
Approx 35% complete for ERR032210_2.fastq.gz
Approx 40% complete for ERR032210_2.fastq.gz
Approx 45% complete for ERR032210_2.fastq.gz
Approx 50% complete for ERR032210_2.fastq.gz
Approx 55% complete for ERR032210_2.fastq.gz
Approx 60% complete for ERR032210_2.fastq.gz
Approx 65% complete for ERR032210_2.fastq.gz
Approx 70% complete for ERR032210_2.fastq.gz
Approx 75% complete for ERR032210_2.fastq.gz
Approx 80% complete for ERR032210_2.fastq.gz
Approx 85% complete for ERR032210_2.fastq.gz
Approx 90% complete for ERR032210_2.fastq.gz
Approx 95% complete for ERR032210_2.fastq.gz
Analysis complete for ERR032210_2.fastq.gz
perl: warning: Setting locale failed.
perl: warning: Please check that your locale settings:
	LANGUAGE = (unset),
	LC_ALL = (unset),
	LC_CTYPE = "UTF-8",
	LANG = (unset)
    are supported and installed on your system.
perl: warning: Falling back to the standard locale ("C").
Started analysis of ERR032211_1.fastq.gz
Approx 5% complete for ERR032211_1.fastq.gz
Approx 10% complete for ERR032211_1.fastq.gz
Approx 15% complete for ERR032211_1.fastq.gz
Approx 20% complete for ERR032211_1.fastq.gz
Approx 25% complete for ERR032211_1.fastq.gz
Approx 30% complete for ERR032211_1.fastq.gz
Approx 35% complete for ERR032211_1.fastq.gz
Approx 40% complete for ERR032211_1.fastq.gz
Approx 45% complete for ERR032211_1.fastq.gz
Approx 50% complete for ERR032211_1.fastq.gz
Approx 55% complete for ERR032211_1.fastq.gz
Approx 60% complete for ERR032211_1.fastq.gz
Approx 65% complete for ERR032211_1.fastq.gz
Approx 70% complete for ERR032211_1.fastq.gz
Approx 75% complete for ERR032211_1.fastq.gz
Approx 80% complete for ERR032211_1.fastq.gz
Approx 85% complete for ERR032211_1.fastq.gz
Approx 90% complete for ERR032211_1.fastq.gz
Approx 95% complete for ERR032211_1.fastq.gz
Analysis complete for ERR032211_1.fastq.gz
perl: warning: Setting locale failed.
perl: warning: Please check that your locale settings:
	LANGUAGE = (unset),
	LC_ALL = (unset),
	LC_CTYPE = "UTF-8",
	LANG = (unset)
    are supported and installed on your system.
perl: warning: Falling back to the standard locale ("C").
Started analysis of ERR032211_2.fastq.gz
Approx 5% complete for ERR032211_2.fastq.gz
Approx 10% complete for ERR032211_2.fastq.gz
Approx 15% complete for ERR032211_2.fastq.gz
Approx 20% complete for ERR032211_2.fastq.gz
Approx 25% complete for ERR032211_2.fastq.gz
Approx 30% complete for ERR032211_2.fastq.gz
Approx 35% complete for ERR032211_2.fastq.gz
Approx 40% complete for ERR032211_2.fastq.gz
Approx 45% complete for ERR032211_2.fastq.gz
Approx 50% complete for ERR032211_2.fastq.gz
Approx 55% complete for ERR032211_2.fastq.gz
Approx 60% complete for ERR032211_2.fastq.gz
Approx 65% complete for ERR032211_2.fastq.gz
Approx 70% complete for ERR032211_2.fastq.gz
Approx 75% complete for ERR032211_2.fastq.gz
Approx 80% complete for ERR032211_2.fastq.gz
Approx 85% complete for ERR032211_2.fastq.gz
Approx 90% complete for ERR032211_2.fastq.gz
Approx 95% complete for ERR032211_2.fastq.gz
Analysis complete for ERR032211_2.fastq.gz
perl: warning: Setting locale failed.
perl: warning: Please check that your locale settings:
	LANGUAGE = (unset),
	LC_ALL = (unset),
	LC_CTYPE = "UTF-8",
	LANG = (unset)
    are supported and installed on your system.
perl: warning: Falling back to the standard locale ("C").
Started analysis of ERR032212_1.fastq.gz
Approx 5% complete for ERR032212_1.fastq.gz
Approx 10% complete for ERR032212_1.fastq.gz
Approx 15% complete for ERR032212_1.fastq.gz
Approx 20% complete for ERR032212_1.fastq.gz
Approx 25% complete for ERR032212_1.fastq.gz
Approx 30% complete for ERR032212_1.fastq.gz
Approx 35% complete for ERR032212_1.fastq.gz
Approx 40% complete for ERR032212_1.fastq.gz
Approx 45% complete for ERR032212_1.fastq.gz
Approx 50% complete for ERR032212_1.fastq.gz
Approx 55% complete for ERR032212_1.fastq.gz
Approx 60% complete for ERR032212_1.fastq.gz
Approx 65% complete for ERR032212_1.fastq.gz
Approx 70% complete for ERR032212_1.fastq.gz
Approx 75% complete for ERR032212_1.fastq.gz
Approx 80% complete for ERR032212_1.fastq.gz
Approx 85% complete for ERR032212_1.fastq.gz
Approx 90% complete for ERR032212_1.fastq.gz
Approx 95% complete for ERR032212_1.fastq.gz
Analysis complete for ERR032212_1.fastq.gz
perl: warning: Setting locale failed.
perl: warning: Please check that your locale settings:
	LANGUAGE = (unset),
	LC_ALL = (unset),
	LC_CTYPE = "UTF-8",
	LANG = (unset)
    are supported and installed on your system.
perl: warning: Falling back to the standard locale ("C").
Started analysis of ERR032212_2.fastq.gz
Approx 5% complete for ERR032212_2.fastq.gz
Approx 10% complete for ERR032212_2.fastq.gz
Approx 15% complete for ERR032212_2.fastq.gz
Approx 20% complete for ERR032212_2.fastq.gz
Approx 25% complete for ERR032212_2.fastq.gz
Approx 30% complete for ERR032212_2.fastq.gz
Approx 35% complete for ERR032212_2.fastq.gz
Approx 40% complete for ERR032212_2.fastq.gz
Approx 45% complete for ERR032212_2.fastq.gz
Approx 50% complete for ERR032212_2.fastq.gz
Approx 55% complete for ERR032212_2.fastq.gz
Approx 60% complete for ERR032212_2.fastq.gz
Approx 65% complete for ERR032212_2.fastq.gz
Approx 70% complete for ERR032212_2.fastq.gz
Approx 75% complete for ERR032212_2.fastq.gz
Approx 80% complete for ERR032212_2.fastq.gz
Approx 85% complete for ERR032212_2.fastq.gz
Approx 90% complete for ERR032212_2.fastq.gz
Approx 95% complete for ERR032212_2.fastq.gz
Analysis complete for ERR032212_2.fastq.gz
perl: warning: Setting locale failed.
perl: warning: Please check that your locale settings:
	LANGUAGE = (unset),
	LC_ALL = (unset),
	LC_CTYPE = "UTF-8",
	LANG = (unset)
    are supported and installed on your system.
perl: warning: Falling back to the standard locale ("C").
Started analysis of ERR032213_1.fastq.gz
Approx 5% complete for ERR032213_1.fastq.gz
Approx 10% complete for ERR032213_1.fastq.gz
Approx 15% complete for ERR032213_1.fastq.gz
Approx 20% complete for ERR032213_1.fastq.gz
Approx 25% complete for ERR032213_1.fastq.gz
Approx 30% complete for ERR032213_1.fastq.gz
Approx 35% complete for ERR032213_1.fastq.gz
Approx 40% complete for ERR032213_1.fastq.gz
Approx 45% complete for ERR032213_1.fastq.gz
Approx 50% complete for ERR032213_1.fastq.gz
Approx 55% complete for ERR032213_1.fastq.gz
Approx 60% complete for ERR032213_1.fastq.gz
Approx 65% complete for ERR032213_1.fastq.gz
Approx 70% complete for ERR032213_1.fastq.gz
Approx 75% complete for ERR032213_1.fastq.gz
Approx 80% complete for ERR032213_1.fastq.gz
Approx 85% complete for ERR032213_1.fastq.gz
Approx 90% complete for ERR032213_1.fastq.gz
Approx 95% complete for ERR032213_1.fastq.gz
Analysis complete for ERR032213_1.fastq.gz
perl: warning: Setting locale failed.
perl: warning: Please check that your locale settings:
	LANGUAGE = (unset),
	LC_ALL = (unset),
	LC_CTYPE = "UTF-8",
	LANG = (unset)
    are supported and installed on your system.
perl: warning: Falling back to the standard locale ("C").
Started analysis of ERR032213_2.fastq.gz
Approx 5% complete for ERR032213_2.fastq.gz
Approx 10% complete for ERR032213_2.fastq.gz
Approx 15% complete for ERR032213_2.fastq.gz
Approx 20% complete for ERR032213_2.fastq.gz
Approx 25% complete for ERR032213_2.fastq.gz
Approx 30% complete for ERR032213_2.fastq.gz
Approx 35% complete for ERR032213_2.fastq.gz
Approx 40% complete for ERR032213_2.fastq.gz
Approx 45% complete for ERR032213_2.fastq.gz
Approx 50% complete for ERR032213_2.fastq.gz
Approx 55% complete for ERR032213_2.fastq.gz
Approx 60% complete for ERR032213_2.fastq.gz
Approx 65% complete for ERR032213_2.fastq.gz
Approx 70% complete for ERR032213_2.fastq.gz
Approx 75% complete for ERR032213_2.fastq.gz
Approx 80% complete for ERR032213_2.fastq.gz
Approx 85% complete for ERR032213_2.fastq.gz
Approx 90% complete for ERR032213_2.fastq.gz
Approx 95% complete for ERR032213_2.fastq.gz
Analysis complete for ERR032213_2.fastq.gz
perl: warning: Setting locale failed.
perl: warning: Please check that your locale settings:
	LANGUAGE = (unset),
	LC_ALL = (unset),
	LC_CTYPE = "UTF-8",
	LANG = (unset)
    are supported and installed on your system.
perl: warning: Falling back to the standard locale ("C").
Started analysis of ERR032218_1.fastq.gz
Approx 5% complete for ERR032218_1.fastq.gz
Approx 10% complete for ERR032218_1.fastq.gz
Approx 15% complete for ERR032218_1.fastq.gz
Approx 20% complete for ERR032218_1.fastq.gz
Approx 25% complete for ERR032218_1.fastq.gz
Approx 30% complete for ERR032218_1.fastq.gz
Approx 35% complete for ERR032218_1.fastq.gz
Approx 40% complete for ERR032218_1.fastq.gz
Approx 45% complete for ERR032218_1.fastq.gz
Approx 50% complete for ERR032218_1.fastq.gz
Approx 55% complete for ERR032218_1.fastq.gz
Approx 60% complete for ERR032218_1.fastq.gz
Approx 65% complete for ERR032218_1.fastq.gz
Approx 70% complete for ERR032218_1.fastq.gz
Approx 75% complete for ERR032218_1.fastq.gz
Approx 80% complete for ERR032218_1.fastq.gz
Approx 85% complete for ERR032218_1.fastq.gz
Approx 90% complete for ERR032218_1.fastq.gz
Approx 95% complete for ERR032218_1.fastq.gz
Analysis complete for ERR032218_1.fastq.gz
perl: warning: Setting locale failed.
perl: warning: Please check that your locale settings:
	LANGUAGE = (unset),
	LC_ALL = (unset),
	LC_CTYPE = "UTF-8",
	LANG = (unset)
    are supported and installed on your system.
perl: warning: Falling back to the standard locale ("C").
Started analysis of ERR032218_2.fastq.gz
Approx 5% complete for ERR032218_2.fastq.gz
Approx 10% complete for ERR032218_2.fastq.gz
Approx 15% complete for ERR032218_2.fastq.gz
Approx 20% complete for ERR032218_2.fastq.gz
Approx 25% complete for ERR032218_2.fastq.gz
Approx 30% complete for ERR032218_2.fastq.gz
Approx 35% complete for ERR032218_2.fastq.gz
Approx 40% complete for ERR032218_2.fastq.gz
Approx 45% complete for ERR032218_2.fastq.gz
Approx 50% complete for ERR032218_2.fastq.gz
Approx 55% complete for ERR032218_2.fastq.gz
Approx 60% complete for ERR032218_2.fastq.gz
Approx 65% complete for ERR032218_2.fastq.gz
Approx 70% complete for ERR032218_2.fastq.gz
Approx 75% complete for ERR032218_2.fastq.gz
Approx 80% complete for ERR032218_2.fastq.gz
Approx 85% complete for ERR032218_2.fastq.gz
Approx 90% complete for ERR032218_2.fastq.gz
Approx 95% complete for ERR032218_2.fastq.gz
Analysis complete for ERR032218_2.fastq.gz
perl: warning: Setting locale failed.
perl: warning: Please check that your locale settings:
	LANGUAGE = (unset),
	LC_ALL = (unset),
	LC_CTYPE = "UTF-8",
	LANG = (unset)
    are supported and installed on your system.
perl: warning: Falling back to the standard locale ("C").
Started analysis of ERR032227_1.fastq.gz
Approx 5% complete for ERR032227_1.fastq.gz
Approx 10% complete for ERR032227_1.fastq.gz
Approx 15% complete for ERR032227_1.fastq.gz
Approx 20% complete for ERR032227_1.fastq.gz
Approx 25% complete for ERR032227_1.fastq.gz
Approx 30% complete for ERR032227_1.fastq.gz
Approx 35% complete for ERR032227_1.fastq.gz
Approx 40% complete for ERR032227_1.fastq.gz
Approx 45% complete for ERR032227_1.fastq.gz
Approx 50% complete for ERR032227_1.fastq.gz
Approx 55% complete for ERR032227_1.fastq.gz
Approx 60% complete for ERR032227_1.fastq.gz
Approx 65% complete for ERR032227_1.fastq.gz
Approx 70% complete for ERR032227_1.fastq.gz
Approx 75% complete for ERR032227_1.fastq.gz
Approx 80% complete for ERR032227_1.fastq.gz
Approx 85% complete for ERR032227_1.fastq.gz
Approx 90% complete for ERR032227_1.fastq.gz
Approx 95% complete for ERR032227_1.fastq.gz
Analysis complete for ERR032227_1.fastq.gz
perl: warning: Setting locale failed.
perl: warning: Please check that your locale settings:
	LANGUAGE = (unset),
	LC_ALL = (unset),
	LC_CTYPE = "UTF-8",
	LANG = (unset)
    are supported and installed on your system.
perl: warning: Falling back to the standard locale ("C").
Started analysis of ERR032227_2.fastq.gz
Approx 5% complete for ERR032227_2.fastq.gz
Approx 10% complete for ERR032227_2.fastq.gz
Approx 15% complete for ERR032227_2.fastq.gz
Approx 20% complete for ERR032227_2.fastq.gz
Approx 25% complete for ERR032227_2.fastq.gz
Approx 30% complete for ERR032227_2.fastq.gz
Approx 35% complete for ERR032227_2.fastq.gz
Approx 40% complete for ERR032227_2.fastq.gz
Approx 45% complete for ERR032227_2.fastq.gz
Approx 50% complete for ERR032227_2.fastq.gz
Approx 55% complete for ERR032227_2.fastq.gz
Approx 60% complete for ERR032227_2.fastq.gz
Approx 65% complete for ERR032227_2.fastq.gz
Approx 70% complete for ERR032227_2.fastq.gz
Approx 75% complete for ERR032227_2.fastq.gz
Approx 80% complete for ERR032227_2.fastq.gz
Approx 85% complete for ERR032227_2.fastq.gz
Approx 90% complete for ERR032227_2.fastq.gz
Approx 95% complete for ERR032227_2.fastq.gz
Analysis complete for ERR032227_2.fastq.gz
perl: warning: Setting locale failed.
perl: warning: Please check that your locale settings:
	LANGUAGE = (unset),
	LC_ALL = (unset),
	LC_CTYPE = "UTF-8",
	LANG = (unset)
    are supported and installed on your system.
perl: warning: Falling back to the standard locale ("C").
Started analysis of ERR032228_1.fastq.gz
Approx 5% complete for ERR032228_1.fastq.gz
Approx 10% complete for ERR032228_1.fastq.gz
Approx 15% complete for ERR032228_1.fastq.gz
Approx 20% complete for ERR032228_1.fastq.gz
Approx 25% complete for ERR032228_1.fastq.gz
Approx 30% complete for ERR032228_1.fastq.gz
Approx 35% complete for ERR032228_1.fastq.gz
Approx 40% complete for ERR032228_1.fastq.gz
Approx 45% complete for ERR032228_1.fastq.gz
Approx 50% complete for ERR032228_1.fastq.gz
Approx 55% complete for ERR032228_1.fastq.gz
Approx 60% complete for ERR032228_1.fastq.gz
Approx 65% complete for ERR032228_1.fastq.gz
Approx 70% complete for ERR032228_1.fastq.gz
Approx 75% complete for ERR032228_1.fastq.gz
Approx 80% complete for ERR032228_1.fastq.gz
Approx 85% complete for ERR032228_1.fastq.gz
Approx 90% complete for ERR032228_1.fastq.gz
Approx 95% complete for ERR032228_1.fastq.gz
Analysis complete for ERR032228_1.fastq.gz
perl: warning: Setting locale failed.
perl: warning: Please check that your locale settings:
	LANGUAGE = (unset),
	LC_ALL = (unset),
	LC_CTYPE = "UTF-8",
	LANG = (unset)
    are supported and installed on your system.
perl: warning: Falling back to the standard locale ("C").
Started analysis of ERR032228_2.fastq.gz
Approx 5% complete for ERR032228_2.fastq.gz
Approx 10% complete for ERR032228_2.fastq.gz
Approx 15% complete for ERR032228_2.fastq.gz
Approx 20% complete for ERR032228_2.fastq.gz
Approx 25% complete for ERR032228_2.fastq.gz
Approx 30% complete for ERR032228_2.fastq.gz
Approx 35% complete for ERR032228_2.fastq.gz
Approx 40% complete for ERR032228_2.fastq.gz
Approx 45% complete for ERR032228_2.fastq.gz
Approx 50% complete for ERR032228_2.fastq.gz
Approx 55% complete for ERR032228_2.fastq.gz
Approx 60% complete for ERR032228_2.fastq.gz
Approx 65% complete for ERR032228_2.fastq.gz
Approx 70% complete for ERR032228_2.fastq.gz
Approx 75% complete for ERR032228_2.fastq.gz
Approx 80% complete for ERR032228_2.fastq.gz
Approx 85% complete for ERR032228_2.fastq.gz
Approx 90% complete for ERR032228_2.fastq.gz
Approx 95% complete for ERR032228_2.fastq.gz
Analysis complete for ERR032228_2.fastq.gz
perl: warning: Setting locale failed.
perl: warning: Please check that your locale settings:
	LANGUAGE = (unset),
	LC_ALL = (unset),
	LC_CTYPE = "UTF-8",
	LANG = (unset)
    are supported and installed on your system.
perl: warning: Falling back to the standard locale ("C").
Started analysis of ERR032229_1.fastq.gz
Approx 5% complete for ERR032229_1.fastq.gz
Approx 10% complete for ERR032229_1.fastq.gz
Approx 15% complete for ERR032229_1.fastq.gz
Approx 20% complete for ERR032229_1.fastq.gz
Approx 25% complete for ERR032229_1.fastq.gz
Approx 30% complete for ERR032229_1.fastq.gz
Approx 35% complete for ERR032229_1.fastq.gz
Approx 40% complete for ERR032229_1.fastq.gz
Approx 45% complete for ERR032229_1.fastq.gz
Approx 50% complete for ERR032229_1.fastq.gz
Approx 55% complete for ERR032229_1.fastq.gz
Approx 60% complete for ERR032229_1.fastq.gz
Approx 65% complete for ERR032229_1.fastq.gz
Approx 70% complete for ERR032229_1.fastq.gz
Approx 75% complete for ERR032229_1.fastq.gz
Approx 80% complete for ERR032229_1.fastq.gz
Approx 85% complete for ERR032229_1.fastq.gz
Approx 90% complete for ERR032229_1.fastq.gz
Approx 95% complete for ERR032229_1.fastq.gz
Analysis complete for ERR032229_1.fastq.gz
perl: warning: Setting locale failed.
perl: warning: Please check that your locale settings:
	LANGUAGE = (unset),
	LC_ALL = (unset),
	LC_CTYPE = "UTF-8",
	LANG = (unset)
    are supported and installed on your system.
perl: warning: Falling back to the standard locale ("C").
Started analysis of ERR032229_2.fastq.gz
Approx 5% complete for ERR032229_2.fastq.gz
Approx 10% complete for ERR032229_2.fastq.gz
Approx 15% complete for ERR032229_2.fastq.gz
Approx 20% complete for ERR032229_2.fastq.gz
Approx 25% complete for ERR032229_2.fastq.gz
Approx 30% complete for ERR032229_2.fastq.gz
Approx 35% complete for ERR032229_2.fastq.gz
Approx 40% complete for ERR032229_2.fastq.gz
Approx 45% complete for ERR032229_2.fastq.gz
Approx 50% complete for ERR032229_2.fastq.gz
Approx 55% complete for ERR032229_2.fastq.gz
Approx 60% complete for ERR032229_2.fastq.gz
Approx 65% complete for ERR032229_2.fastq.gz
Approx 70% complete for ERR032229_2.fastq.gz
Approx 75% complete for ERR032229_2.fastq.gz
Approx 80% complete for ERR032229_2.fastq.gz
Approx 85% complete for ERR032229_2.fastq.gz
Approx 90% complete for ERR032229_2.fastq.gz
Approx 95% complete for ERR032229_2.fastq.gz
Analysis complete for ERR032229_2.fastq.gz
perl: warning: Setting locale failed.
perl: warning: Please check that your locale settings:
	LANGUAGE = (unset),
	LC_ALL = (unset),
	LC_CTYPE = "UTF-8",
	LANG = (unset)
    are supported and installed on your system.
perl: warning: Falling back to the standard locale ("C").
Started analysis of ERR032231_1.fastq.gz
Approx 5% complete for ERR032231_1.fastq.gz
Approx 10% complete for ERR032231_1.fastq.gz
Approx 15% complete for ERR032231_1.fastq.gz
Approx 20% complete for ERR032231_1.fastq.gz
Approx 25% complete for ERR032231_1.fastq.gz
Approx 30% complete for ERR032231_1.fastq.gz
Approx 35% complete for ERR032231_1.fastq.gz
Approx 40% complete for ERR032231_1.fastq.gz
Approx 45% complete for ERR032231_1.fastq.gz
Approx 50% complete for ERR032231_1.fastq.gz
Approx 55% complete for ERR032231_1.fastq.gz
Approx 60% complete for ERR032231_1.fastq.gz
Approx 65% complete for ERR032231_1.fastq.gz
Approx 70% complete for ERR032231_1.fastq.gz
Approx 75% complete for ERR032231_1.fastq.gz
Approx 80% complete for ERR032231_1.fastq.gz
Approx 85% complete for ERR032231_1.fastq.gz
Approx 90% complete for ERR032231_1.fastq.gz
Approx 95% complete for ERR032231_1.fastq.gz
Analysis complete for ERR032231_1.fastq.gz
perl: warning: Setting locale failed.
perl: warning: Please check that your locale settings:
	LANGUAGE = (unset),
	LC_ALL = (unset),
	LC_CTYPE = "UTF-8",
	LANG = (unset)
    are supported and installed on your system.
perl: warning: Falling back to the standard locale ("C").
Started analysis of ERR032231_2.fastq.gz
Approx 5% complete for ERR032231_2.fastq.gz
Approx 10% complete for ERR032231_2.fastq.gz
Approx 15% complete for ERR032231_2.fastq.gz
Approx 20% complete for ERR032231_2.fastq.gz
Approx 25% complete for ERR032231_2.fastq.gz
Approx 30% complete for ERR032231_2.fastq.gz
Approx 35% complete for ERR032231_2.fastq.gz
Approx 40% complete for ERR032231_2.fastq.gz
Approx 45% complete for ERR032231_2.fastq.gz
Approx 50% complete for ERR032231_2.fastq.gz
Approx 55% complete for ERR032231_2.fastq.gz
Approx 60% complete for ERR032231_2.fastq.gz
Approx 65% complete for ERR032231_2.fastq.gz
Approx 70% complete for ERR032231_2.fastq.gz
Approx 75% complete for ERR032231_2.fastq.gz
Approx 80% complete for ERR032231_2.fastq.gz
Approx 85% complete for ERR032231_2.fastq.gz
Approx 90% complete for ERR032231_2.fastq.gz
Approx 95% complete for ERR032231_2.fastq.gz
Analysis complete for ERR032231_2.fastq.gz
perl: warning: Setting locale failed.
perl: warning: Please check that your locale settings:
	LANGUAGE = (unset),
	LC_ALL = (unset),
	LC_CTYPE = "UTF-8",
	LANG = (unset)
    are supported and installed on your system.
perl: warning: Falling back to the standard locale ("C").
Started analysis of ERR032234_1.fastq.gz
Approx 5% complete for ERR032234_1.fastq.gz
Approx 10% complete for ERR032234_1.fastq.gz
Approx 15% complete for ERR032234_1.fastq.gz
Approx 20% complete for ERR032234_1.fastq.gz
Approx 25% complete for ERR032234_1.fastq.gz
Approx 30% complete for ERR032234_1.fastq.gz
Approx 35% complete for ERR032234_1.fastq.gz
Approx 40% complete for ERR032234_1.fastq.gz
Approx 45% complete for ERR032234_1.fastq.gz
Approx 50% complete for ERR032234_1.fastq.gz
Approx 55% complete for ERR032234_1.fastq.gz
Approx 60% complete for ERR032234_1.fastq.gz
Approx 65% complete for ERR032234_1.fastq.gz
Approx 70% complete for ERR032234_1.fastq.gz
Approx 75% complete for ERR032234_1.fastq.gz
Approx 80% complete for ERR032234_1.fastq.gz
Approx 85% complete for ERR032234_1.fastq.gz
Approx 90% complete for ERR032234_1.fastq.gz
Approx 95% complete for ERR032234_1.fastq.gz
Analysis complete for ERR032234_1.fastq.gz
perl: warning: Setting locale failed.
perl: warning: Please check that your locale settings:
	LANGUAGE = (unset),
	LC_ALL = (unset),
	LC_CTYPE = "UTF-8",
	LANG = (unset)
    are supported and installed on your system.
perl: warning: Falling back to the standard locale ("C").
Started analysis of ERR032234_2.fastq.gz
Approx 5% complete for ERR032234_2.fastq.gz
Approx 10% complete for ERR032234_2.fastq.gz
Approx 15% complete for ERR032234_2.fastq.gz
Approx 20% complete for ERR032234_2.fastq.gz
Approx 25% complete for ERR032234_2.fastq.gz
Approx 30% complete for ERR032234_2.fastq.gz
Approx 35% complete for ERR032234_2.fastq.gz
Approx 40% complete for ERR032234_2.fastq.gz
Approx 45% complete for ERR032234_2.fastq.gz
Approx 50% complete for ERR032234_2.fastq.gz
Approx 55% complete for ERR032234_2.fastq.gz
Approx 60% complete for ERR032234_2.fastq.gz
Approx 65% complete for ERR032234_2.fastq.gz
Approx 70% complete for ERR032234_2.fastq.gz
Approx 75% complete for ERR032234_2.fastq.gz
Approx 80% complete for ERR032234_2.fastq.gz
Approx 85% complete for ERR032234_2.fastq.gz
Approx 90% complete for ERR032234_2.fastq.gz
Approx 95% complete for ERR032234_2.fastq.gz
Analysis complete for ERR032234_2.fastq.gz
perl: warning: Setting locale failed.
perl: warning: Please check that your locale settings:
	LANGUAGE = (unset),
	LC_ALL = (unset),
	LC_CTYPE = "UTF-8",
	LANG = (unset)
    are supported and installed on your system.
perl: warning: Falling back to the standard locale ("C").
Started analysis of ERR032235_1.fastq.gz
Approx 5% complete for ERR032235_1.fastq.gz
Approx 10% complete for ERR032235_1.fastq.gz
Approx 15% complete for ERR032235_1.fastq.gz
Approx 20% complete for ERR032235_1.fastq.gz
Approx 25% complete for ERR032235_1.fastq.gz
Approx 30% complete for ERR032235_1.fastq.gz
Approx 35% complete for ERR032235_1.fastq.gz
Approx 40% complete for ERR032235_1.fastq.gz
Approx 45% complete for ERR032235_1.fastq.gz
Approx 50% complete for ERR032235_1.fastq.gz
Approx 55% complete for ERR032235_1.fastq.gz
Approx 60% complete for ERR032235_1.fastq.gz
Approx 65% complete for ERR032235_1.fastq.gz
Approx 70% complete for ERR032235_1.fastq.gz
Approx 75% complete for ERR032235_1.fastq.gz
Approx 80% complete for ERR032235_1.fastq.gz
Approx 85% complete for ERR032235_1.fastq.gz
Approx 90% complete for ERR032235_1.fastq.gz
Approx 95% complete for ERR032235_1.fastq.gz
Failed to process file ERR032235_1.fastq.gz
uk.ac.babraham.FastQC.Sequence.SequenceFormatException: Ran out of data in the middle of a fastq entry.  Your file is probably truncated
	at uk.ac.babraham.FastQC.Sequence.FastQFile.readNext(FastQFile.java:179)
	at uk.ac.babraham.FastQC.Sequence.FastQFile.next(FastQFile.java:125)
	at uk.ac.babraham.FastQC.Analysis.AnalysisRunner.run(AnalysisRunner.java:77)
	at java.base/java.lang.Thread.run(Thread.java:829)
perl: warning: Setting locale failed.
perl: warning: Please check that your locale settings:
	LANGUAGE = (unset),
	LC_ALL = (unset),
	LC_CTYPE = "UTF-8",
	LANG = (unset)
    are supported and installed on your system.
perl: warning: Falling back to the standard locale ("C").
Started analysis of ERR032235_2.fastq.gz
Approx 5% complete for ERR032235_2.fastq.gz
Approx 10% complete for ERR032235_2.fastq.gz
Approx 15% complete for ERR032235_2.fastq.gz
Approx 20% complete for ERR032235_2.fastq.gz
Approx 25% complete for ERR032235_2.fastq.gz
Approx 30% complete for ERR032235_2.fastq.gz
Approx 35% complete for ERR032235_2.fastq.gz
Approx 40% complete for ERR032235_2.fastq.gz
Approx 45% complete for ERR032235_2.fastq.gz
Approx 50% complete for ERR032235_2.fastq.gz
Approx 55% complete for ERR032235_2.fastq.gz
Approx 60% complete for ERR032235_2.fastq.gz
Approx 65% complete for ERR032235_2.fastq.gz
Approx 70% complete for ERR032235_2.fastq.gz
Approx 75% complete for ERR032235_2.fastq.gz
Approx 80% complete for ERR032235_2.fastq.gz
Approx 85% complete for ERR032235_2.fastq.gz
Approx 90% complete for ERR032235_2.fastq.gz
Approx 95% complete for ERR032235_2.fastq.gz
Failed to process file ERR032235_2.fastq.gz
uk.ac.babraham.FastQC.Sequence.SequenceFormatException: Ran out of data in the middle of a fastq entry.  Your file is probably truncated
	at uk.ac.babraham.FastQC.Sequence.FastQFile.readNext(FastQFile.java:179)
	at uk.ac.babraham.FastQC.Sequence.FastQFile.next(FastQFile.java:125)
	at uk.ac.babraham.FastQC.Analysis.AnalysisRunner.run(AnalysisRunner.java:77)
	at java.base/java.lang.Thread.run(Thread.java:829)
perl: warning: Setting locale failed.
perl: warning: Please check that your locale settings:
	LANGUAGE = (unset),
	LC_ALL = (unset),
	LC_CTYPE = "UTF-8",
	LANG = (unset)
    are supported and installed on your system.
perl: warning: Falling back to the standard locale ("C").
Started analysis of ERR032236_1.fastq.gz
Approx 5% complete for ERR032236_1.fastq.gz
Approx 10% complete for ERR032236_1.fastq.gz
Approx 15% complete for ERR032236_1.fastq.gz
Approx 20% complete for ERR032236_1.fastq.gz
Approx 25% complete for ERR032236_1.fastq.gz
Approx 30% complete for ERR032236_1.fastq.gz
Approx 35% complete for ERR032236_1.fastq.gz
Approx 40% complete for ERR032236_1.fastq.gz
Approx 45% complete for ERR032236_1.fastq.gz
Approx 50% complete for ERR032236_1.fastq.gz
Approx 55% complete for ERR032236_1.fastq.gz
Approx 60% complete for ERR032236_1.fastq.gz
Approx 65% complete for ERR032236_1.fastq.gz
Approx 70% complete for ERR032236_1.fastq.gz
Approx 75% complete for ERR032236_1.fastq.gz
Approx 80% complete for ERR032236_1.fastq.gz
Approx 85% complete for ERR032236_1.fastq.gz
Approx 90% complete for ERR032236_1.fastq.gz
Approx 95% complete for ERR032236_1.fastq.gz
Analysis complete for ERR032236_1.fastq.gz
perl: warning: Setting locale failed.
perl: warning: Please check that your locale settings:
	LANGUAGE = (unset),
	LC_ALL = (unset),
	LC_CTYPE = "UTF-8",
	LANG = (unset)
    are supported and installed on your system.
perl: warning: Falling back to the standard locale ("C").
Started analysis of ERR032236_2.fastq.gz
Approx 5% complete for ERR032236_2.fastq.gz
Approx 10% complete for ERR032236_2.fastq.gz
Approx 15% complete for ERR032236_2.fastq.gz
Approx 20% complete for ERR032236_2.fastq.gz
Approx 25% complete for ERR032236_2.fastq.gz
Approx 30% complete for ERR032236_2.fastq.gz
Approx 35% complete for ERR032236_2.fastq.gz
Approx 40% complete for ERR032236_2.fastq.gz
Approx 45% complete for ERR032236_2.fastq.gz
Approx 50% complete for ERR032236_2.fastq.gz
Approx 55% complete for ERR032236_2.fastq.gz
Approx 60% complete for ERR032236_2.fastq.gz
Approx 65% complete for ERR032236_2.fastq.gz
Approx 70% complete for ERR032236_2.fastq.gz
Approx 75% complete for ERR032236_2.fastq.gz
Approx 80% complete for ERR032236_2.fastq.gz
Approx 85% complete for ERR032236_2.fastq.gz
Approx 90% complete for ERR032236_2.fastq.gz
Approx 95% complete for ERR032236_2.fastq.gz
Analysis complete for ERR032236_2.fastq.gz
perl: warning: Setting locale failed.
perl: warning: Please check that your locale settings:
	LANGUAGE = (unset),
	LC_ALL = (unset),
	LC_CTYPE = "UTF-8",
	LANG = (unset)
    are supported and installed on your system.
perl: warning: Falling back to the standard locale ("C").
Started analysis of ERR032237_1.fastq.gz
Approx 5% complete for ERR032237_1.fastq.gz
Approx 10% complete for ERR032237_1.fastq.gz
Approx 15% complete for ERR032237_1.fastq.gz
Approx 20% complete for ERR032237_1.fastq.gz
Approx 25% complete for ERR032237_1.fastq.gz
Approx 30% complete for ERR032237_1.fastq.gz
Approx 35% complete for ERR032237_1.fastq.gz
Approx 40% complete for ERR032237_1.fastq.gz
Approx 45% complete for ERR032237_1.fastq.gz
Approx 50% complete for ERR032237_1.fastq.gz
Approx 55% complete for ERR032237_1.fastq.gz
Approx 60% complete for ERR032237_1.fastq.gz
Approx 65% complete for ERR032237_1.fastq.gz
Approx 70% complete for ERR032237_1.fastq.gz
Approx 75% complete for ERR032237_1.fastq.gz
Approx 80% complete for ERR032237_1.fastq.gz
Approx 85% complete for ERR032237_1.fastq.gz
Approx 90% complete for ERR032237_1.fastq.gz
Approx 95% complete for ERR032237_1.fastq.gz
Analysis complete for ERR032237_1.fastq.gz
perl: warning: Setting locale failed.
perl: warning: Please check that your locale settings:
	LANGUAGE = (unset),
	LC_ALL = (unset),
	LC_CTYPE = "UTF-8",
	LANG = (unset)
    are supported and installed on your system.
perl: warning: Falling back to the standard locale ("C").
Started analysis of ERR032237_2.fastq.gz
Approx 5% complete for ERR032237_2.fastq.gz
Approx 10% complete for ERR032237_2.fastq.gz
Approx 15% complete for ERR032237_2.fastq.gz
Approx 20% complete for ERR032237_2.fastq.gz
Approx 25% complete for ERR032237_2.fastq.gz
Approx 30% complete for ERR032237_2.fastq.gz
Approx 35% complete for ERR032237_2.fastq.gz
Approx 40% complete for ERR032237_2.fastq.gz
Approx 45% complete for ERR032237_2.fastq.gz
Approx 50% complete for ERR032237_2.fastq.gz
Approx 55% complete for ERR032237_2.fastq.gz
Approx 60% complete for ERR032237_2.fastq.gz
Approx 65% complete for ERR032237_2.fastq.gz
Approx 70% complete for ERR032237_2.fastq.gz
Approx 75% complete for ERR032237_2.fastq.gz
Approx 80% complete for ERR032237_2.fastq.gz
Approx 85% complete for ERR032237_2.fastq.gz
Approx 90% complete for ERR032237_2.fastq.gz
Approx 95% complete for ERR032237_2.fastq.gz
Analysis complete for ERR032237_2.fastq.gz
perl: warning: Setting locale failed.
perl: warning: Please check that your locale settings:
	LANGUAGE = (unset),
	LC_ALL = (unset),
	LC_CTYPE = "UTF-8",
	LANG = (unset)
    are supported and installed on your system.
perl: warning: Falling back to the standard locale ("C").
Started analysis of ERR032238_1.fastq.gz
Approx 5% complete for ERR032238_1.fastq.gz
Approx 10% complete for ERR032238_1.fastq.gz
Approx 15% complete for ERR032238_1.fastq.gz
Approx 20% complete for ERR032238_1.fastq.gz
Approx 25% complete for ERR032238_1.fastq.gz
Approx 30% complete for ERR032238_1.fastq.gz
Approx 35% complete for ERR032238_1.fastq.gz
Approx 40% complete for ERR032238_1.fastq.gz
Approx 45% complete for ERR032238_1.fastq.gz
Approx 50% complete for ERR032238_1.fastq.gz
Approx 55% complete for ERR032238_1.fastq.gz
Approx 60% complete for ERR032238_1.fastq.gz
Approx 65% complete for ERR032238_1.fastq.gz
Approx 70% complete for ERR032238_1.fastq.gz
Approx 75% complete for ERR032238_1.fastq.gz
Approx 80% complete for ERR032238_1.fastq.gz
Approx 85% complete for ERR032238_1.fastq.gz
Approx 90% complete for ERR032238_1.fastq.gz
Approx 95% complete for ERR032238_1.fastq.gz
Analysis complete for ERR032238_1.fastq.gz
perl: warning: Setting locale failed.
perl: warning: Please check that your locale settings:
	LANGUAGE = (unset),
	LC_ALL = (unset),
	LC_CTYPE = "UTF-8",
	LANG = (unset)
    are supported and installed on your system.
perl: warning: Falling back to the standard locale ("C").
Started analysis of ERR032238_2.fastq.gz
Approx 5% complete for ERR032238_2.fastq.gz
Approx 10% complete for ERR032238_2.fastq.gz
Approx 15% complete for ERR032238_2.fastq.gz
Approx 20% complete for ERR032238_2.fastq.gz
Approx 25% complete for ERR032238_2.fastq.gz
Approx 30% complete for ERR032238_2.fastq.gz
Approx 35% complete for ERR032238_2.fastq.gz
Approx 40% complete for ERR032238_2.fastq.gz
Approx 45% complete for ERR032238_2.fastq.gz
Approx 50% complete for ERR032238_2.fastq.gz
Approx 55% complete for ERR032238_2.fastq.gz
Approx 60% complete for ERR032238_2.fastq.gz
Approx 65% complete for ERR032238_2.fastq.gz
Approx 70% complete for ERR032238_2.fastq.gz
Approx 75% complete for ERR032238_2.fastq.gz
Approx 80% complete for ERR032238_2.fastq.gz
Approx 85% complete for ERR032238_2.fastq.gz
Approx 90% complete for ERR032238_2.fastq.gz
Approx 95% complete for ERR032238_2.fastq.gz
Analysis complete for ERR032238_2.fastq.gz
Lmod has detected the following error: The following module(s) are unknown:
"multiqc"

Please check the spelling or version number. Also try "module spider ..."
It is also possible your cache file is out-of-date; it may help to try:
  $ module --ignore_cache load "multiqc"

Also make sure that all modulefiles written in TCL start with the string
#%Module



/var/spool/slurm/d/job37097286/slurm_script: line 41: multiqc: command not found
