
2024-01-15T23:19:19 prefetch.3.0.0: Current preference is set to retrieve SRA Normalized Format files with full base quality scores.
2024-01-15T23:19:19 prefetch.3.0.0: 1) Downloading 'ERR032229'...
2024-01-15T23:19:19 prefetch.3.0.0: SRA Normalized Format file is being retrieved, if this is different from your preference, it may be due to current file availability.
2024-01-15T23:19:19 prefetch.3.0.0:  Downloading via HTTPS...
2024-01-15T23:21:25 prefetch.3.0.0:  HTTPS download succeed
2024-01-15T23:21:32 prefetch.3.0.0:  'ERR032229' is valid
2024-01-15T23:21:32 prefetch.3.0.0: 1) 'ERR032229' was downloaded successfully
Read 30075234 spots for ERR032229
Written 30075234 spots for ERR032229

2024-01-15T23:40:06 prefetch.3.0.0: Current preference is set to retrieve SRA Normalized Format files with full base quality scores.
2024-01-15T23:40:07 prefetch.3.0.0: 1) Downloading 'ERR032218'...
2024-01-15T23:40:07 prefetch.3.0.0: SRA Normalized Format file is being retrieved, if this is different from your preference, it may be due to current file availability.
2024-01-15T23:40:07 prefetch.3.0.0:  Downloading via HTTPS...
2024-01-15T23:42:27 prefetch.3.0.0:  HTTPS download succeed
2024-01-15T23:42:37 prefetch.3.0.0:  'ERR032218' is valid
2024-01-15T23:42:37 prefetch.3.0.0: 1) 'ERR032218' was downloaded successfully
Read 35640217 spots for ERR032218
Written 35640217 spots for ERR032218

2024-01-16T00:04:57 prefetch.3.0.0: Current preference is set to retrieve SRA Normalized Format files with full base quality scores.
2024-01-16T00:04:57 prefetch.3.0.0: 1) Downloading 'ERR032213'...
2024-01-16T00:04:57 prefetch.3.0.0: SRA Normalized Format file is being retrieved, if this is different from your preference, it may be due to current file availability.
2024-01-16T00:04:57 prefetch.3.0.0:  Downloading via HTTPS...
2024-01-16T00:07:09 prefetch.3.0.0:  HTTPS download succeed
2024-01-16T00:07:20 prefetch.3.0.0:  'ERR032213' is valid
2024-01-16T00:07:20 prefetch.3.0.0: 1) 'ERR032213' was downloaded successfully
Read 31891713 spots for ERR032213
Written 31891713 spots for ERR032213

2024-01-16T00:26:40 prefetch.3.0.0: Current preference is set to retrieve SRA Normalized Format files with full base quality scores.
2024-01-16T00:26:41 prefetch.3.0.0: 1) Downloading 'ERR032231'...
2024-01-16T00:26:41 prefetch.3.0.0: SRA Normalized Format file is being retrieved, if this is different from your preference, it may be due to current file availability.
2024-01-16T00:26:41 prefetch.3.0.0:  Downloading via HTTPS...
2024-01-16T00:28:50 prefetch.3.0.0:  HTTPS download succeed
2024-01-16T00:28:59 prefetch.3.0.0:  'ERR032231' is valid
2024-01-16T00:28:59 prefetch.3.0.0: 1) 'ERR032231' was downloaded successfully
Read 31160789 spots for ERR032231
Written 31160789 spots for ERR032231
